C:\USERS\EDGAR\DOCUMENTS\VISUAL STUDIO 2012\PROJECTS\OPENCV_TEST\OPENCV_TEST\RELEASE\VIDEOMANAGER.OBJ
C:\USERS\EDGAR\DOCUMENTS\VISUAL STUDIO 2012\PROJECTS\OPENCV_TEST\OPENCV_TEST\RELEASE\SERVERNETWORK.OBJ
C:\USERS\EDGAR\DOCUMENTS\VISUAL STUDIO 2012\PROJECTS\OPENCV_TEST\OPENCV_TEST\RELEASE\COMMUNICATIONMANAGER.OBJ
C:\USERS\EDGAR\DOCUMENTS\VISUAL STUDIO 2012\PROJECTS\OPENCV_TEST\OPENCV_TEST\RELEASE\TOUCHOVERLAYCONTROLLER.OBJ
C:\USERS\EDGAR\DOCUMENTS\VISUAL STUDIO 2012\PROJECTS\OPENCV_TEST\OPENCV_TEST\RELEASE\NETWORKSERVICES.OBJ
C:\USERS\EDGAR\DOCUMENTS\VISUAL STUDIO 2012\PROJECTS\OPENCV_TEST\OPENCV_TEST\RELEASE\MAPPING.OBJ
C:\USERS\EDGAR\DOCUMENTS\VISUAL STUDIO 2012\PROJECTS\OPENCV_TEST\OPENCV_TEST\RELEASE\MENTORSYSTEMMAIN.OBJ
C:\USERS\EDGAR\DOCUMENTS\VISUAL STUDIO 2012\PROJECTS\OPENCV_TEST\OPENCV_TEST\RELEASE\LINEANNOTATION.OBJ
C:\USERS\EDGAR\DOCUMENTS\VISUAL STUDIO 2012\PROJECTS\OPENCV_TEST\OPENCV_TEST\RELEASE\LIANGBARSKY.OBJ
C:\USERS\EDGAR\DOCUMENTS\VISUAL STUDIO 2012\PROJECTS\OPENCV_TEST\OPENCV_TEST\RELEASE\GUIMANAGER.OBJ
C:\USERS\EDGAR\DOCUMENTS\VISUAL STUDIO 2012\PROJECTS\OPENCV_TEST\OPENCV_TEST\RELEASE\COMMANDCENTER.OBJ
C:\USERS\EDGAR\DOCUMENTS\VISUAL STUDIO 2012\PROJECTS\OPENCV_TEST\OPENCV_TEST\RELEASE\ANNOTATIONSMANAGER.OBJ
C:\USERS\EDGAR\DOCUMENTS\VISUAL STUDIO 2012\PROJECTS\OPENCV_TEST\OPENCV_TEST\RELEASE\VC110.PDB
C:\USERS\EDGAR\DOCUMENTS\VISUAL STUDIO 2012\PROJECTS\OPENCV_TEST\OPENCV_TEST\RELEASE\VIRTUALANNOTATION.OBJ
C:\USERS\EDGAR\DOCUMENTS\VISUAL STUDIO 2012\PROJECTS\OPENCV_TEST\OPENCV_TEST\RELEASE\ANNOTATION.OBJ
C:\USERS\EDGAR\DOCUMENTS\VISUAL STUDIO 2012\PROJECTS\OPENCV_TEST\OPENCV_TEST\RELEASE\JSONMANAGER.OBJ
C:\USERS\EDGAR\DOCUMENTS\VISUAL STUDIO 2012\PROJECTS\OPENCV_TEST\OPENCV_TEST\RELEASE\JSONCPP.OBJ
C:\USERS\EDGAR\DOCUMENTS\VISUAL STUDIO 2012\PROJECTS\OPENCV_TEST\RELEASE\MENTORSYSTEM.EXE
C:\USERS\EDGAR\DOCUMENTS\VISUAL STUDIO 2012\PROJECTS\OPENCV_TEST\RELEASE\MENTORSYSTEM.PDB
C:\Users\Edgar\Documents\Visual Studio 2012\Projects\OpenCV_Test\OpenCV_Test\Release\OpenCV_Test.vcxprojResolveAssemblyReference.cache
C:\Users\Edgar\Documents\Visual Studio 2012\Projects\OpenCV_Test\OpenCV_Test\Release\Annotation.obj
C:\Users\Edgar\Documents\Visual Studio 2012\Projects\OpenCV_Test\OpenCV_Test\Release\AnnotationsManager.obj
C:\Users\Edgar\Documents\Visual Studio 2012\Projects\OpenCV_Test\OpenCV_Test\Release\CommandCenter.obj
C:\Users\Edgar\Documents\Visual Studio 2012\Projects\OpenCV_Test\OpenCV_Test\Release\CommunicationManager.obj
C:\Users\Edgar\Documents\Visual Studio 2012\Projects\OpenCV_Test\OpenCV_Test\Release\GUIManager.obj
C:\Users\Edgar\Documents\Visual Studio 2012\Projects\OpenCV_Test\OpenCV_Test\Release\jsoncpp.obj
C:\Users\Edgar\Documents\Visual Studio 2012\Projects\OpenCV_Test\OpenCV_Test\Release\JSONManager.obj
C:\Users\Edgar\Documents\Visual Studio 2012\Projects\OpenCV_Test\OpenCV_Test\Release\LiangBarsky.obj
C:\Users\Edgar\Documents\Visual Studio 2012\Projects\OpenCV_Test\OpenCV_Test\Release\LineAnnotation.obj
C:\Users\Edgar\Documents\Visual Studio 2012\Projects\OpenCV_Test\OpenCV_Test\Release\Mapping.obj
C:\Users\Edgar\Documents\Visual Studio 2012\Projects\OpenCV_Test\OpenCV_Test\Release\MentorSystemMain.obj
C:\Users\Edgar\Documents\Visual Studio 2012\Projects\OpenCV_Test\OpenCV_Test\Release\NetworkServices.obj
C:\Users\Edgar\Documents\Visual Studio 2012\Projects\OpenCV_Test\OpenCV_Test\Release\ServerNetwork.obj
C:\Users\Edgar\Documents\Visual Studio 2012\Projects\OpenCV_Test\OpenCV_Test\Release\TouchOverlayController.obj
C:\Users\Edgar\Documents\Visual Studio 2012\Projects\OpenCV_Test\OpenCV_Test\Release\VideoManager.obj
C:\Users\Edgar\Documents\Visual Studio 2012\Projects\OpenCV_Test\OpenCV_Test\Release\VirtualAnnotation.obj
C:\Users\Edgar\Documents\Visual Studio 2012\Projects\OpenCV_Test\OpenCV_Test\Release\cl.command.1.tlog
C:\Users\Edgar\Documents\Visual Studio 2012\Projects\OpenCV_Test\OpenCV_Test\Release\CL.read.1.tlog
C:\Users\Edgar\Documents\Visual Studio 2012\Projects\OpenCV_Test\OpenCV_Test\Release\CL.write.1.tlog
C:\Users\Edgar\Documents\Visual Studio 2012\Projects\OpenCV_Test\OpenCV_Test\Release\link-cvtres.read.1.tlog
C:\Users\Edgar\Documents\Visual Studio 2012\Projects\OpenCV_Test\OpenCV_Test\Release\link-cvtres.write.1.tlog
C:\Users\Edgar\Documents\Visual Studio 2012\Projects\OpenCV_Test\OpenCV_Test\Release\link-rc.read.1.tlog
C:\Users\Edgar\Documents\Visual Studio 2012\Projects\OpenCV_Test\OpenCV_Test\Release\link-rc.write.1.tlog
C:\Users\Edgar\Documents\Visual Studio 2012\Projects\OpenCV_Test\OpenCV_Test\Release\link.command.1.tlog
C:\Users\Edgar\Documents\Visual Studio 2012\Projects\OpenCV_Test\OpenCV_Test\Release\link.read.1.tlog
C:\Users\Edgar\Documents\Visual Studio 2012\Projects\OpenCV_Test\OpenCV_Test\Release\link.read.5.tlog
C:\Users\Edgar\Documents\Visual Studio 2012\Projects\OpenCV_Test\OpenCV_Test\Release\link.write.1.tlog
C:\Users\Edgar\Documents\Visual Studio 2012\Projects\OpenCV_Test\OpenCV_Test\Release\vc110.pdb
C:\Users\Edgar\Documents\Visual Studio 2012\Projects\OpenCV_Test\Release\MentorSystem.pdb
C:\Users\Edgar\Documents\Visual Studio 2012\Projects\OpenCV_Test\Release\MentorSystem.exe
